info it worked if it ends with ok
verbose cli [ 'node', '/usr/bin/npm', 'install', 'jitsu', '-g' ]
info using npm@1.1.4
info using node@v0.6.12
verbose config file /home/ruslan/.npmrc
verbose config file /usr/etc/npmrc
verbose config file /usr/share/npm/npmrc
silly exec /usr/bin/node "/usr/share/npm/bin/npm-get-uid-gid.js" "nobody" 1000
silly spawning [ '/usr/bin/node',
silly spawning   [ '/usr/share/npm/bin/npm-get-uid-gid.js', 'nobody', 1000 ],
silly spawning   null ]
silly output from getuid/gid {"uid":65534,"gid":1000}
silly output from getuid/gid 
verbose cache add [ 'jitsu', null ]
silly cache add: name, spec, args [ undefined, 'jitsu', [ 'jitsu', null ] ]
verbose parsed url { pathname: 'jitsu', path: 'jitsu', href: 'jitsu' }
verbose addNamed [ 'jitsu', '' ]
verbose addNamed [ null, '' ]
silly name, range, hasData [ 'jitsu', '', false ]
verbose raw, before any munging jitsu
verbose url resolving [ 'https://registry.npmjs.org/', './jitsu' ]
verbose url resolved https://registry.npmjs.org/jitsu
verbose etag "6HR2H6YWXYF089JMKQTEJ5990"
http GET https://registry.npmjs.org/jitsu
http 304 https://registry.npmjs.org/jitsu
silly get cb [ 304,
silly get cb   { server: 'CouchDB/1.2.0 (Erlang OTP/R15B)',
silly get cb     etag: '"6HR2H6YWXYF089JMKQTEJ5990"',
silly get cb     date: 'Tue, 23 Oct 2012 19:55:41 GMT',
silly get cb     'content-length': '0' } ]
verbose etag jitsu from cache
silly name, range, hasData 2 [ 'jitsu', '', true ]
silly versions [ 'jitsu',
silly versions   [ '0.4.14',
silly versions     '0.4.15',
silly versions     '0.4.16',
silly versions     '0.5.0',
silly versions     '0.5.0-1',
silly versions     '0.6.0',
silly versions     '0.6.1',
silly versions     '0.6.1-1',
silly versions     '0.6.2',
silly versions     '0.6.3',
silly versions     '0.7.0',
silly versions     '0.7.0-1',
silly versions     '0.7.0-2',
silly versions     '0.7.1',
silly versions     '0.7.2',
silly versions     '0.7.2-1',
silly versions     '0.7.3',
silly versions     '0.7.4',
silly versions     '0.7.4-1',
silly versions     '0.7.5',
silly versions     '0.7.6',
silly versions     '0.7.6-1',
silly versions     '0.7.7',
silly versions     '0.7.7-1',
silly versions     '0.7.7-2',
silly versions     '0.7.100',
silly versions     '0.8.0',
silly versions     '0.8.1',
silly versions     '0.8.2',
silly versions     '0.8.2-1',
silly versions     '0.8.3',
silly versions     '0.8.4',
silly versions     '0.8.4-1',
silly versions     '0.8.5',
silly versions     '0.8.5-1',
silly versions     '0.8.6',
silly versions     '0.8.7',
silly versions     '0.8.8',
silly versions     '0.8.9',
silly versions     '0.9.0',
silly versions     '0.9.1',
silly versions     '0.9.2',
silly versions     '0.9.3',
silly versions     '0.9.4',
silly versions     '0.9.5',
silly versions     '0.9.6',
silly versions     '0.9.7',
silly versions     '0.9.8' ] ]
verbose bin dist [ '0.6-ares1.7.5-evundefined-openssl1.0.1-v83.7.12.22-linux-ia32-3.2.0-29-generic',
verbose bin dist   { shasum: 'af92f514860f50164c4359d493d57466e7e3e70b',
verbose bin dist     tarball: 'http://registry.npmjs.org/jitsu/-/jitsu-0.9.8.tgz' } ]
verbose caching /home/ruslan/.npm/jitsu/0.9.8/package/package.json
verbose loadDefaults jitsu@0.9.8
silly resolved [ { name: 'jitsu',
silly resolved     description: 'Flawless command line deployment of Node.js apps to the cloud',
silly resolved     keywords: 
silly resolved      [ 'cli',
silly resolved        'nodejitsu',
silly resolved        'cloud hosting',
silly resolved        'platform-as-a-service',
silly resolved        'deployment' ],
silly resolved     version: '0.9.8',
silly resolved     author: { name: 'Nodejitsu Inc.', email: 'info@nodejitsu.com' },
silly resolved     maintainers: 
silly resolved      [ { name: 'AvianFlu', email: 'avianflu@nodejitsu.com' },
silly resolved        { name: 'Marak', email: 'marak@nodejitsu.com' } ],
silly resolved     repository: { type: 'git', url: 'git://github.com/nodejitsu/jitsu.git' },
silly resolved     preferGlobal: true,
silly resolved     dependencies: 
silly resolved      { colors: '0.6.0-1',
silly resolved        complete: '0.3.1',
silly resolved        dateformat: '1.0.2-1.2.3',
silly resolved        flatiron: '0.2.8',
silly resolved        'flatiron-cli-config': '0.1.3',
silly resolved        'flatiron-cli-users': '0.1.1',
silly resolved        fstream: '0.1.18',
silly resolved        'fstream-npm': '0.1.1',
silly resolved        npm: '1.1.59',
silly resolved        'nodejitsu-api': '0.3.2',
silly resolved        pkginfo: '0.2.3',
silly resolved        request: '2.11.0',
silly resolved        'require-analyzer': '0.4.0-3',
silly resolved        'spawn-command': '0.0.1',
silly resolved        semver: '1.0.14',
silly resolved        tar: '0.1.13',
silly resolved        wizard: '0.0.1' },
silly resolved     devDependencies: { nock: '0.8.x', vows: '0.6.x' },
silly resolved     bin: { jitsu: './bin/jitsu' },
silly resolved     main: './lib/jitsu',
silly resolved     scripts: { test: 'vows test/commands/*-test.js --spec' },
silly resolved     engines: { node: '>= 0.4.0' },
silly resolved     _id: 'jitsu@0.9.8',
silly resolved     optionalDependencies: {},
silly resolved     _engineSupported: true,
silly resolved     _npmVersion: '1.1.4',
silly resolved     _nodeVersion: 'v0.6.12',
silly resolved     _defaultsLoaded: true,
silly resolved     _from: 'jitsu' } ]
info into /usr/local/lib jitsu@0.9.8
info installOne jitsu@0.9.8
verbose from cache /home/ruslan/.npm/jitsu/0.9.8/package/package.json
info unbuild /usr/local/lib/node_modules/jitsu
verbose mkdir (expected) error ENOENT, no such file or directory '/usr/local/lib/node_modules/___jitsu.npm'
verbose mkdir done: /usr/local/lib/node_modules/___jitsu.npm 755
verbose unpack_ uid, gid [ 65534, 1000 ]
verbose unpackTarget /usr/local/lib/node_modules/jitsu
silly gunzTarPerm modes [ '755', '644' ]
silly afterUntar ok
silly asyncMap in gTP /usr/local/lib/node_modules/___jitsu.npm/package
silly asyncMap in gTP /usr/local/lib/node_modules/___jitsu.npm/package/README.md
silly asyncMap in gTP /usr/local/lib/node_modules/___jitsu.npm/package/.npmignore
silly asyncMap in gTP /usr/local/lib/node_modules/___jitsu.npm/package/.travis.yml
